Copyright 1986-2016 Xilinx, Inc. All Rights Reserved.
----------------------------------------------------------------------------------------------
| Tool Version : Vivado v.2016.2 (win64) Build 1577090 Thu Jun  2 16:32:40 MDT 2016
| Date         : Tue Nov 29 22:43:07 2016
| Host         : hpan-laptop running 64-bit Service Pack 1  (build 7601)
| Command      : report_control_sets -verbose -file Basys3_Abacus_Top_control_sets_placed.rpt
| Design       : Basys3_Abacus_Top
| Device       : xc7a35t
----------------------------------------------------------------------------------------------

Control Set Information

Table of Contents
-----------------
1. Summary
2. Flip-Flop Distribution
3. Detailed Control Set Information

1. Summary
----------

+----------------------------------------------------------+-------+
|                          Status                          | Count |
+----------------------------------------------------------+-------+
| Number of unique control sets                            |   132 |
| Unused register locations in slices containing registers |   862 |
+----------------------------------------------------------+-------+


2. Flip-Flop Distribution
-------------------------

+--------------+-----------------------+------------------------+-----------------+--------------+
| Clock Enable | Synchronous Set/Reset | Asynchronous Set/Reset | Total Registers | Total Slices |
+--------------+-----------------------+------------------------+-----------------+--------------+
| No           | No                    | No                     |              85 |           38 |
| No           | No                    | Yes                    |             213 |          114 |
| No           | Yes                   | No                     |              40 |           40 |
| Yes          | No                    | No                     |              16 |            8 |
| Yes          | No                    | Yes                    |               0 |            0 |
| Yes          | Yes                   | No                     |               0 |            0 |
+--------------+-----------------------+------------------------+-----------------+--------------+


3. Detailed Control Set Information
-----------------------------------

+-------------------------------------+-------------------+------------------------------------+------------------+----------------+
|             Clock Signal            |   Enable Signal   |          Set/Reset Signal          | Slice Load Count | Bel Load Count |
+-------------------------------------+-------------------+------------------------------------+------------------+----------------+
|  u5/msg_array_reg[0]_LDC_i_1_n_0    |                   | u5/msg_array_reg[0]_LDC_i_2_n_0    |                1 |              1 |
|  u5/msg_array_reg[1]_LDC_i_1__0_n_0 |                   | u5/msg_array_reg[1]_LDC_i_2__0_n_0 |                1 |              1 |
|  u5/msg_array_reg[2]_LDC_i_1__0_n_0 |                   | u5/msg_array_reg[2]_LDC_i_2__0_n_0 |                1 |              1 |
|  u5/msg_array_reg[3]_LDC_i_1__0_n_0 |                   | u5/msg_array_reg[3]_LDC_i_2__0_n_0 |                1 |              1 |
|  u5/msg_array_reg[4]_LDC_i_1__0_n_0 |                   | u5/msg_array_reg[4]_LDC_i_2__0_n_0 |                1 |              1 |
|  u5/msg_array_reg[5]_LDC_i_1__0_n_0 |                   | u5/msg_array_reg[5]_LDC_i_2__0_n_0 |                1 |              1 |
|  u5/msg_array_reg[6]_LDC_i_1__0_n_0 |                   | u5/msg_array_reg[6]_LDC_i_2__0_n_0 |                1 |              1 |
|  u5/msg_array_reg[7]_LDC_i_1__0_n_0 |                   | u5/msg_array_reg[7]_LDC_i_2__0_n_0 |                1 |              1 |
|  u5/msg_array_reg[8]_LDC_i_1__0_n_0 |                   | u5/msg_array_reg[8]_LDC_i_2__0_n_0 |                1 |              1 |
|  u5/msg_array_reg[9]_LDC_i_1__0_n_0 |                   | u5/msg_array_reg[9]_LDC_i_2__0_n_0 |                1 |              1 |
|  u6/msg_array_reg[0]_LDC_i_1__0_n_0 |                   | u6/msg_array_reg[0]_LDC_i_2__0_n_0 |                1 |              1 |
|  u6/msg_array_reg[1]_LDC_i_1__1_n_0 |                   | u6/msg_array_reg[1]_LDC_i_2__1_n_0 |                1 |              1 |
|  u6/msg_array_reg[2]_LDC_i_1__1_n_0 |                   | u6/msg_array_reg[2]_LDC_i_2__1_n_0 |                1 |              1 |
|  u6/msg_array_reg[3]_LDC_i_1__1_n_0 |                   | u6/msg_array_reg[3]_LDC_i_2__1_n_0 |                1 |              1 |
|  u6/msg_array_reg[4]_LDC_i_1__1_n_0 |                   | u6/msg_array_reg[4]_LDC_i_2__1_n_0 |                1 |              1 |
|  u6/msg_array_reg[5]_LDC_i_1__1_n_0 |                   | u6/msg_array_reg[5]_LDC_i_2__1_n_0 |                1 |              1 |
|  u6/msg_array_reg[6]_LDC_i_1__1_n_0 |                   | u6/msg_array_reg[6]_LDC_i_2__1_n_0 |                1 |              1 |
|  u6/msg_array_reg[7]_LDC_i_1__1_n_0 |                   | u6/msg_array_reg[7]_LDC_i_2__1_n_0 |                1 |              1 |
|  u6/msg_array_reg[8]_LDC_i_1__1_n_0 |                   | u6/msg_array_reg[8]_LDC_i_2__1_n_0 |                1 |              1 |
|  u6/msg_array_reg[9]_LDC_i_1__1_n_0 |                   | u6/msg_array_reg[9]_LDC_i_2__1_n_0 |                1 |              1 |
|  clk_3_1                            |                   | u6/msg_array_reg[8]_LDC_i_1__1_n_0 |                1 |              1 |
|  clk_3_1                            |                   | u6/msg_array_reg[8]_LDC_i_2__1_n_0 |                1 |              1 |
|  u4/msg_array_reg[0]_LDC_i_1__1_n_0 |                   | u4/msg_array_reg[0]_LDC_i_2__1_n_0 |                1 |              1 |
|  u4/msg_array_reg[10]_LDC_i_1_n_0   |                   | u4/msg_array_reg[10]_LDC_i_2_n_0   |                1 |              1 |
|  u4/msg_array_reg[11]_LDC_i_1_n_0   |                   | u4/msg_array_reg[11]_LDC_i_2_n_0   |                1 |              1 |
|  u4/msg_array_reg[12]_LDC_i_1_n_0   |                   | u4/msg_array_reg[12]_LDC_i_2_n_0   |                1 |              1 |
|  u4/msg_array_reg[13]_LDC_i_1_n_0   |                   | u4/msg_array_reg[13]_LDC_i_2_n_0   |                1 |              1 |
|  u4/msg_array_reg[14]_LDC_i_1_n_0   |                   | u4/msg_array_reg[14]_LDC_i_2_n_0   |                1 |              1 |
|  u4/msg_array_reg[15]_LDC_i_1_n_0   |                   | u4/msg_array_reg[15]_LDC_i_2_n_0   |                1 |              1 |
|  u4/msg_array_reg[16]_LDC_i_1_n_0   |                   | u4/msg_array_reg[16]_LDC_i_2_n_0   |                1 |              1 |
|  u4/msg_array_reg[17]_LDC_i_1_n_0   |                   | u4/msg_array_reg[17]_LDC_i_2_n_0   |                1 |              1 |
|  u4/msg_array_reg[18]_LDC_i_1_n_0   |                   | u4/msg_array_reg[18]_LDC_i_2_n_0   |                1 |              1 |
|  u4/msg_array_reg[19]_LDC_i_1_n_0   |                   | u4/msg_array_reg[19]_LDC_i_2_n_0   |                1 |              1 |
|  u4/msg_array_reg[1]_LDC_i_1_n_0    |                   | u4/msg_array_reg[1]_LDC_i_2_n_0    |                1 |              1 |
|  u4/msg_array_reg[2]_LDC_i_1_n_0    |                   | u4/msg_array_reg[2]_LDC_i_2_n_0    |                1 |              1 |
|  u4/msg_array_reg[3]_LDC_i_1_n_0    |                   | u4/msg_array_reg[3]_LDC_i_2_n_0    |                1 |              1 |
|  u4/msg_array_reg[4]_LDC_i_1_n_0    |                   | u4/msg_array_reg[4]_LDC_i_2_n_0    |                1 |              1 |
|  u4/msg_array_reg[5]_LDC_i_1_n_0    |                   | u4/msg_array_reg[5]_LDC_i_2_n_0    |                1 |              1 |
|  u4/msg_array_reg[6]_LDC_i_1_n_0    |                   | u4/msg_array_reg[6]_LDC_i_2_n_0    |                1 |              1 |
|  u4/msg_array_reg[7]_LDC_i_1_n_0    |                   | u4/msg_array_reg[7]_LDC_i_2_n_0    |                1 |              1 |
|  u4/msg_array_reg[8]_LDC_i_1_n_0    |                   | u4/msg_array_reg[8]_LDC_i_2_n_0    |                1 |              1 |
|  u4/msg_array_reg[9]_LDC_i_1_n_0    |                   | u4/msg_array_reg[9]_LDC_i_2_n_0    |                1 |              1 |
|  clk_3_1                            |                   | u6/msg_array_reg[9]_LDC_i_1__1_n_0 |                1 |              1 |
|  clk_3_1                            |                   | u6/msg_array_reg[9]_LDC_i_2__1_n_0 |                1 |              1 |
|  clk_3                              |                   | u4/msg_array_reg[0]_LDC_i_1__1_n_0 |                1 |              1 |
|  clk_3                              |                   | u4/msg_array_reg[0]_LDC_i_2__1_n_0 |                1 |              1 |
|  clk_3                              |                   | u4/msg_array_reg[10]_LDC_i_1_n_0   |                1 |              1 |
|  clk_3                              |                   | u4/msg_array_reg[10]_LDC_i_2_n_0   |                1 |              1 |
|  clk_3                              |                   | u4/msg_array_reg[11]_LDC_i_1_n_0   |                1 |              1 |
|  clk_3                              |                   | u4/msg_array_reg[11]_LDC_i_2_n_0   |                1 |              1 |
|  clk_3                              |                   | u4/msg_array_reg[12]_LDC_i_1_n_0   |                1 |              1 |
|  clk_3                              |                   | u4/msg_array_reg[12]_LDC_i_2_n_0   |                1 |              1 |
|  clk_3                              |                   | u4/msg_array_reg[13]_LDC_i_1_n_0   |                1 |              1 |
|  clk_3                              |                   | u4/msg_array_reg[13]_LDC_i_2_n_0   |                1 |              1 |
|  clk_3                              |                   | u4/msg_array_reg[14]_LDC_i_1_n_0   |                1 |              1 |
|  clk_3                              |                   | u4/msg_array_reg[14]_LDC_i_2_n_0   |                1 |              1 |
|  clk_3                              |                   | u4/msg_array_reg[15]_LDC_i_1_n_0   |                1 |              1 |
|  clk_3                              |                   | u4/msg_array_reg[15]_LDC_i_2_n_0   |                1 |              1 |
|  clk_3                              |                   | u4/msg_array_reg[16]_LDC_i_1_n_0   |                1 |              1 |
|  clk_3                              |                   | u4/msg_array_reg[16]_LDC_i_2_n_0   |                1 |              1 |
|  clk_3                              |                   | u4/msg_array_reg[17]_LDC_i_1_n_0   |                1 |              1 |
|  clk_3                              |                   | u4/msg_array_reg[17]_LDC_i_2_n_0   |                1 |              1 |
|  clk_3                              |                   | u4/msg_array_reg[18]_LDC_i_1_n_0   |                1 |              1 |
|  clk_3                              |                   | u4/msg_array_reg[18]_LDC_i_2_n_0   |                1 |              1 |
|  clk_3                              |                   | u4/msg_array_reg[19]_LDC_i_1_n_0   |                1 |              1 |
|  clk_3                              |                   | u4/msg_array_reg[19]_LDC_i_2_n_0   |                1 |              1 |
|  clk_3                              |                   | u4/msg_array_reg[1]_LDC_i_1_n_0    |                1 |              1 |
|  clk_3                              |                   | u4/msg_array_reg[1]_LDC_i_2_n_0    |                1 |              1 |
|  clk_3                              |                   | u4/msg_array_reg[2]_LDC_i_1_n_0    |                1 |              1 |
|  clk_3                              |                   | u4/msg_array_reg[2]_LDC_i_2_n_0    |                1 |              1 |
|  clk_3                              |                   | u4/msg_array_reg[3]_LDC_i_1_n_0    |                1 |              1 |
|  clk_3                              |                   | u4/msg_array_reg[3]_LDC_i_2_n_0    |                1 |              1 |
|  clk_3                              |                   | u4/msg_array_reg[4]_LDC_i_1_n_0    |                1 |              1 |
|  clk_3                              |                   | u4/msg_array_reg[4]_LDC_i_2_n_0    |                1 |              1 |
|  clk_3                              |                   | u4/msg_array_reg[5]_LDC_i_1_n_0    |                1 |              1 |
|  clk_3                              |                   | u4/msg_array_reg[5]_LDC_i_2_n_0    |                1 |              1 |
|  clk_3                              |                   | u4/msg_array_reg[6]_LDC_i_1_n_0    |                1 |              1 |
|  clk_3                              |                   | u4/msg_array_reg[6]_LDC_i_2_n_0    |                1 |              1 |
|  clk_3                              |                   | u4/msg_array_reg[7]_LDC_i_1_n_0    |                1 |              1 |
|  clk_3                              |                   | u4/msg_array_reg[7]_LDC_i_2_n_0    |                1 |              1 |
|  clk_3                              |                   | u4/msg_array_reg[8]_LDC_i_1_n_0    |                1 |              1 |
|  clk_3                              |                   | u4/msg_array_reg[8]_LDC_i_2_n_0    |                1 |              1 |
|  clk_3                              |                   | u4/msg_array_reg[9]_LDC_i_1_n_0    |                1 |              1 |
|  clk_3                              |                   | u4/msg_array_reg[9]_LDC_i_2_n_0    |                1 |              1 |
|  clk_3_0                            |                   | u5/msg_array_reg[0]_LDC_i_1_n_0    |                1 |              1 |
|  clk_3_0                            |                   | u5/msg_array_reg[0]_LDC_i_2_n_0    |                1 |              1 |
|  clk_3_0                            |                   | u5/msg_array_reg[1]_LDC_i_1__0_n_0 |                1 |              1 |
|  clk_3_0                            |                   | u5/msg_array_reg[1]_LDC_i_2__0_n_0 |                1 |              1 |
|  clk_3_0                            |                   | u5/msg_array_reg[2]_LDC_i_1__0_n_0 |                1 |              1 |
|  clk_3_0                            |                   | u5/msg_array_reg[2]_LDC_i_2__0_n_0 |                1 |              1 |
|  clk_3_0                            |                   | u5/msg_array_reg[3]_LDC_i_1__0_n_0 |                1 |              1 |
|  clk_3_0                            |                   | u5/msg_array_reg[3]_LDC_i_2__0_n_0 |                1 |              1 |
|  clk_3_0                            |                   | u5/msg_array_reg[4]_LDC_i_1__0_n_0 |                1 |              1 |
|  clk_3_0                            |                   | u5/msg_array_reg[4]_LDC_i_2__0_n_0 |                1 |              1 |
|  clk_3_0                            |                   | u5/msg_array_reg[5]_LDC_i_1__0_n_0 |                1 |              1 |
|  clk_3_0                            |                   | u5/msg_array_reg[5]_LDC_i_2__0_n_0 |                1 |              1 |
|  clk_3_0                            |                   | u5/msg_array_reg[6]_LDC_i_1__0_n_0 |                1 |              1 |
|  clk_3_0                            |                   | u5/msg_array_reg[6]_LDC_i_2__0_n_0 |                1 |              1 |
|  clk_3_0                            |                   | u5/msg_array_reg[7]_LDC_i_1__0_n_0 |                1 |              1 |
|  clk_3_0                            |                   | u5/msg_array_reg[7]_LDC_i_2__0_n_0 |                1 |              1 |
|  clk_3_0                            |                   | u5/msg_array_reg[8]_LDC_i_1__0_n_0 |                1 |              1 |
|  clk_3_0                            |                   | u5/msg_array_reg[8]_LDC_i_2__0_n_0 |                1 |              1 |
|  clk_3_0                            |                   | u5/msg_array_reg[9]_LDC_i_1__0_n_0 |                1 |              1 |
|  clk_3_0                            |                   | u5/msg_array_reg[9]_LDC_i_2__0_n_0 |                1 |              1 |
|  clk_3_1                            |                   | u6/msg_array_reg[0]_LDC_i_1__0_n_0 |                1 |              1 |
|  clk_3_1                            |                   | u6/msg_array_reg[0]_LDC_i_2__0_n_0 |                1 |              1 |
|  clk_3_1                            |                   | u6/msg_array_reg[1]_LDC_i_1__1_n_0 |                1 |              1 |
|  clk_3_1                            |                   | u6/msg_array_reg[1]_LDC_i_2__1_n_0 |                1 |              1 |
|  clk_3_1                            |                   | u6/msg_array_reg[2]_LDC_i_1__1_n_0 |                1 |              1 |
|  clk_3_1                            |                   | u6/msg_array_reg[2]_LDC_i_2__1_n_0 |                1 |              1 |
|  clk_3_1                            |                   | u6/msg_array_reg[3]_LDC_i_1__1_n_0 |                1 |              1 |
|  clk_3_1                            |                   | u6/msg_array_reg[3]_LDC_i_2__1_n_0 |                1 |              1 |
|  clk_3_1                            |                   | u6/msg_array_reg[4]_LDC_i_1__1_n_0 |                1 |              1 |
|  clk_3_1                            |                   | u6/msg_array_reg[4]_LDC_i_2__1_n_0 |                1 |              1 |
|  clk_3_1                            |                   | u6/msg_array_reg[5]_LDC_i_1__1_n_0 |                1 |              1 |
|  clk_3_1                            |                   | u6/msg_array_reg[5]_LDC_i_2__1_n_0 |                1 |              1 |
|  clk_3_1                            |                   | u6/msg_array_reg[6]_LDC_i_1__1_n_0 |                1 |              1 |
|  clk_3_1                            |                   | u6/msg_array_reg[6]_LDC_i_2__1_n_0 |                1 |              1 |
|  clk_3_1                            |                   | u6/msg_array_reg[7]_LDC_i_1__1_n_0 |                1 |              1 |
|  clk_3_1                            |                   | u6/msg_array_reg[7]_LDC_i_2__1_n_0 |                1 |              1 |
|  clk_3                              |                   | u4/clr_seg                         |                2 |              4 |
|  u7/E[0]                            |                   |                                    |                5 |              8 |
|  u7/msg_array_reg[0]_C_0[0]         |                   |                                    |                4 |              8 |
|  clk_IBUF_BUFG                      | u8/sum[7]_i_1_n_0 |                                    |                4 |              8 |
|  clk_IBUF_BUFG                      | btnU_IBUF         |                                    |                4 |              8 |
|  clk_3_0                            |                   | u6/clr_seg_DIV                     |                3 |             14 |
|  clk_3_1                            |                   | u6/clr_seg_DIV                     |                3 |             14 |
|  B_reg[15]_i_2_n_0                  |                   |                                    |                5 |             16 |
|  clk_IBUF_BUFG                      |                   | btnC_IBUF                          |                5 |             20 |
|  clk_IBUF_BUFG                      |                   | u4/clr_seg                         |                7 |             27 |
|  clk_IBUF_BUFG                      |                   |                                    |               24 |             53 |
|  clk_IBUF_BUFG                      |                   | u6/clr_seg_DIV                     |               14 |             54 |
+-------------------------------------+-------------------+------------------------------------+------------------+----------------+


