Copyright 1986-2016 Xilinx, Inc. All Rights Reserved.
-------------------------------------------------------------------------------------------------------
| Tool Version : Vivado v.2016.2 (win64) Build 1577090 Thu Jun  2 16:32:40 MDT 2016
| Date         : Tue Nov 29 22:43:56 2016
| Host         : hpan-laptop running 64-bit Service Pack 1  (build 7601)
| Command      : report_drc -file Basys3_Abacus_Top_drc_routed.rpt -pb Basys3_Abacus_Top_drc_routed.pb
| Design       : Basys3_Abacus_Top
| Device       : xc7a35tcpg236-1
| Speed File   : -1
-------------------------------------------------------------------------------------------------------

Report DRC

Table of Contents
-----------------
1. REPORT SUMMARY
2. REPORT DETAILS

1. REPORT SUMMARY
-----------------
            Netlist: netlist
          Floorplan: checkpoint_Basys3_Abacus_Top
      Design limits: <entire design considered>
           Ruledeck: default
             Max violations: <unlimited>
             Violations found: 51

2. REPORT DETAILS
-----------------
CFGBVS-1#1 Warning
Missing CFGBVS and CONFIG_VOLTAGE Design Properties  
Neither the CFGBVS nor CONFIG_VOLTAGE voltage property is set in the current_design.  Configuration bank voltage select (CFGBVS) must be set to VCCO or GND, and CONFIG_VOLTAGE must be set to the correct configuration voltage, in order to determine the I/O voltage support for the pins in bank 0.  It is suggested to specify these either using the 'Edit Device Properties' function in the GUI or directly in the XDC file using the following syntax:

 set_property CFGBVS value1 [current_design]
 #where value1 is either VCCO or GND

 set_property CONFIG_VOLTAGE value2 [current_design]
 #where value2 is the voltage provided to configuration bank 0

Refer to the device configuration user guide for more information.
Related violations: <none>

PDRC-153#1 Warning
Gated clock check  
Net B_reg[15]_i_2_n_0 is a gated clock net sourced by a combinational pin B_reg[15]_i_2/O, cell B_reg[15]_i_2. This is not good design practice and will likely impact performance. For SLICE registers, for example, use the CE pin to control the loading of data.
Related violations: <none>

PDRC-153#2 Warning
Gated clock check  
Net u4/msg_array_reg[0]_LDC_i_1__1_n_0 is a gated clock net sourced by a combinational pin u4/msg_array_reg[0]_LDC_i_1__1/O, cell u4/msg_array_reg[0]_LDC_i_1__1. This is not good design practice and will likely impact performance. For SLICE registers, for example, use the CE pin to control the loading of data.
Related violations: <none>

PDRC-153#3 Warning
Gated clock check  
Net u4/msg_array_reg[10]_LDC_i_1_n_0 is a gated clock net sourced by a combinational pin u4/msg_array_reg[10]_LDC_i_1/O, cell u4/msg_array_reg[10]_LDC_i_1. This is not good design practice and will likely impact performance. For SLICE registers, for example, use the CE pin to control the loading of data.
Related violations: <none>

PDRC-153#4 Warning
Gated clock check  
Net u4/msg_array_reg[10]_LDC_i_1_n_0 is a gated clock net sourced by a combinational pin u4/msg_array_reg[10]_LDC_i_1/O, cell u4/msg_array_reg[10]_LDC_i_1. This is not good design practice and will likely impact performance. For SLICE registers, for example, use the CE pin to control the loading of data.
Related violations: <none>

PDRC-153#5 Warning
Gated clock check  
Net u4/msg_array_reg[11]_LDC_i_1_n_0 is a gated clock net sourced by a combinational pin u4/msg_array_reg[11]_LDC_i_1/O, cell u4/msg_array_reg[11]_LDC_i_1. This is not good design practice and will likely impact performance. For SLICE registers, for example, use the CE pin to control the loading of data.
Related violations: <none>

PDRC-153#6 Warning
Gated clock check  
Net u4/msg_array_reg[12]_LDC_i_1_n_0 is a gated clock net sourced by a combinational pin u4/msg_array_reg[12]_LDC_i_1/O, cell u4/msg_array_reg[12]_LDC_i_1. This is not good design practice and will likely impact performance. For SLICE registers, for example, use the CE pin to control the loading of data.
Related violations: <none>

PDRC-153#7 Warning
Gated clock check  
Net u4/msg_array_reg[13]_LDC_i_1_n_0 is a gated clock net sourced by a combinational pin u4/msg_array_reg[13]_LDC_i_1/O, cell u4/msg_array_reg[13]_LDC_i_1. This is not good design practice and will likely impact performance. For SLICE registers, for example, use the CE pin to control the loading of data.
Related violations: <none>

PDRC-153#8 Warning
Gated clock check  
Net u4/msg_array_reg[14]_LDC_i_1_n_0 is a gated clock net sourced by a combinational pin u4/msg_array_reg[14]_LDC_i_1/O, cell u4/msg_array_reg[14]_LDC_i_1. This is not good design practice and will likely impact performance. For SLICE registers, for example, use the CE pin to control the loading of data.
Related violations: <none>

PDRC-153#9 Warning
Gated clock check  
Net u4/msg_array_reg[14]_LDC_i_1_n_0 is a gated clock net sourced by a combinational pin u4/msg_array_reg[14]_LDC_i_1/O, cell u4/msg_array_reg[14]_LDC_i_1. This is not good design practice and will likely impact performance. For SLICE registers, for example, use the CE pin to control the loading of data.
Related violations: <none>

PDRC-153#10 Warning
Gated clock check  
Net u4/msg_array_reg[15]_LDC_i_1_n_0 is a gated clock net sourced by a combinational pin u4/msg_array_reg[15]_LDC_i_1/O, cell u4/msg_array_reg[15]_LDC_i_1. This is not good design practice and will likely impact performance. For SLICE registers, for example, use the CE pin to control the loading of data.
Related violations: <none>

PDRC-153#11 Warning
Gated clock check  
Net u4/msg_array_reg[16]_LDC_i_1_n_0 is a gated clock net sourced by a combinational pin u4/msg_array_reg[16]_LDC_i_1/O, cell u4/msg_array_reg[16]_LDC_i_1. This is not good design practice and will likely impact performance. For SLICE registers, for example, use the CE pin to control the loading of data.
Related violations: <none>

PDRC-153#12 Warning
Gated clock check  
Net u4/msg_array_reg[16]_LDC_i_1_n_0 is a gated clock net sourced by a combinational pin u4/msg_array_reg[16]_LDC_i_1/O, cell u4/msg_array_reg[16]_LDC_i_1. This is not good design practice and will likely impact performance. For SLICE registers, for example, use the CE pin to control the loading of data.
Related violations: <none>

PDRC-153#13 Warning
Gated clock check  
Net u4/msg_array_reg[17]_LDC_i_1_n_0 is a gated clock net sourced by a combinational pin u4/msg_array_reg[17]_LDC_i_1/O, cell u4/msg_array_reg[17]_LDC_i_1. This is not good design practice and will likely impact performance. For SLICE registers, for example, use the CE pin to control the loading of data.
Related violations: <none>

PDRC-153#14 Warning
Gated clock check  
Net u4/msg_array_reg[18]_LDC_i_1_n_0 is a gated clock net sourced by a combinational pin u4/msg_array_reg[18]_LDC_i_1/O, cell u4/msg_array_reg[18]_LDC_i_1. This is not good design practice and will likely impact performance. For SLICE registers, for example, use the CE pin to control the loading of data.
Related violations: <none>

PDRC-153#15 Warning
Gated clock check  
Net u4/msg_array_reg[18]_LDC_i_1_n_0 is a gated clock net sourced by a combinational pin u4/msg_array_reg[18]_LDC_i_1/O, cell u4/msg_array_reg[18]_LDC_i_1. This is not good design practice and will likely impact performance. For SLICE registers, for example, use the CE pin to control the loading of data.
Related violations: <none>

PDRC-153#16 Warning
Gated clock check  
Net u4/msg_array_reg[19]_LDC_i_1_n_0 is a gated clock net sourced by a combinational pin u4/msg_array_reg[19]_LDC_i_1/O, cell u4/msg_array_reg[19]_LDC_i_1. This is not good design practice and will likely impact performance. For SLICE registers, for example, use the CE pin to control the loading of data.
Related violations: <none>

PDRC-153#17 Warning
Gated clock check  
Net u4/msg_array_reg[1]_LDC_i_1_n_0 is a gated clock net sourced by a combinational pin u4/msg_array_reg[1]_LDC_i_1/O, cell u4/msg_array_reg[1]_LDC_i_1. This is not good design practice and will likely impact performance. For SLICE registers, for example, use the CE pin to control the loading of data.
Related violations: <none>

PDRC-153#18 Warning
Gated clock check  
Net u4/msg_array_reg[2]_LDC_i_1_n_0 is a gated clock net sourced by a combinational pin u4/msg_array_reg[2]_LDC_i_1/O, cell u4/msg_array_reg[2]_LDC_i_1. This is not good design practice and will likely impact performance. For SLICE registers, for example, use the CE pin to control the loading of data.
Related violations: <none>

PDRC-153#19 Warning
Gated clock check  
Net u4/msg_array_reg[3]_LDC_i_1_n_0 is a gated clock net sourced by a combinational pin u4/msg_array_reg[3]_LDC_i_1/O, cell u4/msg_array_reg[3]_LDC_i_1. This is not good design practice and will likely impact performance. For SLICE registers, for example, use the CE pin to control the loading of data.
Related violations: <none>

PDRC-153#20 Warning
Gated clock check  
Net u4/msg_array_reg[4]_LDC_i_1_n_0 is a gated clock net sourced by a combinational pin u4/msg_array_reg[4]_LDC_i_1/O, cell u4/msg_array_reg[4]_LDC_i_1. This is not good design practice and will likely impact performance. For SLICE registers, for example, use the CE pin to control the loading of data.
Related violations: <none>

PDRC-153#21 Warning
Gated clock check  
Net u4/msg_array_reg[5]_LDC_i_1_n_0 is a gated clock net sourced by a combinational pin u4/msg_array_reg[5]_LDC_i_1/O, cell u4/msg_array_reg[5]_LDC_i_1. This is not good design practice and will likely impact performance. For SLICE registers, for example, use the CE pin to control the loading of data.
Related violations: <none>

PDRC-153#22 Warning
Gated clock check  
Net u4/msg_array_reg[6]_LDC_i_1_n_0 is a gated clock net sourced by a combinational pin u4/msg_array_reg[6]_LDC_i_1/O, cell u4/msg_array_reg[6]_LDC_i_1. This is not good design practice and will likely impact performance. For SLICE registers, for example, use the CE pin to control the loading of data.
Related violations: <none>

PDRC-153#23 Warning
Gated clock check  
Net u4/msg_array_reg[7]_LDC_i_1_n_0 is a gated clock net sourced by a combinational pin u4/msg_array_reg[7]_LDC_i_1/O, cell u4/msg_array_reg[7]_LDC_i_1. This is not good design practice and will likely impact performance. For SLICE registers, for example, use the CE pin to control the loading of data.
Related violations: <none>

PDRC-153#24 Warning
Gated clock check  
Net u4/msg_array_reg[8]_LDC_i_1_n_0 is a gated clock net sourced by a combinational pin u4/msg_array_reg[8]_LDC_i_1/O, cell u4/msg_array_reg[8]_LDC_i_1. This is not good design practice and will likely impact performance. For SLICE registers, for example, use the CE pin to control the loading of data.
Related violations: <none>

PDRC-153#25 Warning
Gated clock check  
Net u4/msg_array_reg[9]_LDC_i_1_n_0 is a gated clock net sourced by a combinational pin u4/msg_array_reg[9]_LDC_i_1/O, cell u4/msg_array_reg[9]_LDC_i_1. This is not good design practice and will likely impact performance. For SLICE registers, for example, use the CE pin to control the loading of data.
Related violations: <none>

PDRC-153#26 Warning
Gated clock check  
Net u5/msg_array_reg[0]_LDC_i_1_n_0 is a gated clock net sourced by a combinational pin u5/msg_array_reg[0]_LDC_i_1/O, cell u5/msg_array_reg[0]_LDC_i_1. This is not good design practice and will likely impact performance. For SLICE registers, for example, use the CE pin to control the loading of data.
Related violations: <none>

PDRC-153#27 Warning
Gated clock check  
Net u5/msg_array_reg[1]_LDC_i_1__0_n_0 is a gated clock net sourced by a combinational pin u5/msg_array_reg[1]_LDC_i_1__0/O, cell u5/msg_array_reg[1]_LDC_i_1__0. This is not good design practice and will likely impact performance. For SLICE registers, for example, use the CE pin to control the loading of data.
Related violations: <none>

PDRC-153#28 Warning
Gated clock check  
Net u5/msg_array_reg[2]_LDC_i_1__0_n_0 is a gated clock net sourced by a combinational pin u5/msg_array_reg[2]_LDC_i_1__0/O, cell u5/msg_array_reg[2]_LDC_i_1__0. This is not good design practice and will likely impact performance. For SLICE registers, for example, use the CE pin to control the loading of data.
Related violations: <none>

PDRC-153#29 Warning
Gated clock check  
Net u5/msg_array_reg[3]_LDC_i_1__0_n_0 is a gated clock net sourced by a combinational pin u5/msg_array_reg[3]_LDC_i_1__0/O, cell u5/msg_array_reg[3]_LDC_i_1__0. This is not good design practice and will likely impact performance. For SLICE registers, for example, use the CE pin to control the loading of data.
Related violations: <none>

PDRC-153#30 Warning
Gated clock check  
Net u5/msg_array_reg[4]_LDC_i_1__0_n_0 is a gated clock net sourced by a combinational pin u5/msg_array_reg[4]_LDC_i_1__0/O, cell u5/msg_array_reg[4]_LDC_i_1__0. This is not good design practice and will likely impact performance. For SLICE registers, for example, use the CE pin to control the loading of data.
Related violations: <none>

PDRC-153#31 Warning
Gated clock check  
Net u5/msg_array_reg[5]_LDC_i_1__0_n_0 is a gated clock net sourced by a combinational pin u5/msg_array_reg[5]_LDC_i_1__0/O, cell u5/msg_array_reg[5]_LDC_i_1__0. This is not good design practice and will likely impact performance. For SLICE registers, for example, use the CE pin to control the loading of data.
Related violations: <none>

PDRC-153#32 Warning
Gated clock check  
Net u5/msg_array_reg[6]_LDC_i_1__0_n_0 is a gated clock net sourced by a combinational pin u5/msg_array_reg[6]_LDC_i_1__0/O, cell u5/msg_array_reg[6]_LDC_i_1__0. This is not good design practice and will likely impact performance. For SLICE registers, for example, use the CE pin to control the loading of data.
Related violations: <none>

PDRC-153#33 Warning
Gated clock check  
Net u5/msg_array_reg[7]_LDC_i_1__0_n_0 is a gated clock net sourced by a combinational pin u5/msg_array_reg[7]_LDC_i_1__0/O, cell u5/msg_array_reg[7]_LDC_i_1__0. This is not good design practice and will likely impact performance. For SLICE registers, for example, use the CE pin to control the loading of data.
Related violations: <none>

PDRC-153#34 Warning
Gated clock check  
Net u5/msg_array_reg[8]_LDC_i_1__0_n_0 is a gated clock net sourced by a combinational pin u5/msg_array_reg[8]_LDC_i_1__0/O, cell u5/msg_array_reg[8]_LDC_i_1__0. This is not good design practice and will likely impact performance. For SLICE registers, for example, use the CE pin to control the loading of data.
Related violations: <none>

PDRC-153#35 Warning
Gated clock check  
Net u5/msg_array_reg[9]_LDC_i_1__0_n_0 is a gated clock net sourced by a combinational pin u5/msg_array_reg[9]_LDC_i_1__0/O, cell u5/msg_array_reg[9]_LDC_i_1__0. This is not good design practice and will likely impact performance. For SLICE registers, for example, use the CE pin to control the loading of data.
Related violations: <none>

PDRC-153#36 Warning
Gated clock check  
Net u6/msg_array_reg[0]_LDC_i_1__0_n_0 is a gated clock net sourced by a combinational pin u6/msg_array_reg[0]_LDC_i_1__0/O, cell u6/msg_array_reg[0]_LDC_i_1__0. This is not good design practice and will likely impact performance. For SLICE registers, for example, use the CE pin to control the loading of data.
Related violations: <none>

PDRC-153#37 Warning
Gated clock check  
Net u6/msg_array_reg[0]_LDC_i_1__0_n_0 is a gated clock net sourced by a combinational pin u6/msg_array_reg[0]_LDC_i_1__0/O, cell u6/msg_array_reg[0]_LDC_i_1__0. This is not good design practice and will likely impact performance. For SLICE registers, for example, use the CE pin to control the loading of data.
Related violations: <none>

PDRC-153#38 Warning
Gated clock check  
Net u6/msg_array_reg[1]_LDC_i_1__1_n_0 is a gated clock net sourced by a combinational pin u6/msg_array_reg[1]_LDC_i_1__1/O, cell u6/msg_array_reg[1]_LDC_i_1__1. This is not good design practice and will likely impact performance. For SLICE registers, for example, use the CE pin to control the loading of data.
Related violations: <none>

PDRC-153#39 Warning
Gated clock check  
Net u6/msg_array_reg[2]_LDC_i_1__1_n_0 is a gated clock net sourced by a combinational pin u6/msg_array_reg[2]_LDC_i_1__1/O, cell u6/msg_array_reg[2]_LDC_i_1__1. This is not good design practice and will likely impact performance. For SLICE registers, for example, use the CE pin to control the loading of data.
Related violations: <none>

PDRC-153#40 Warning
Gated clock check  
Net u6/msg_array_reg[3]_LDC_i_1__1_n_0 is a gated clock net sourced by a combinational pin u6/msg_array_reg[3]_LDC_i_1__1/O, cell u6/msg_array_reg[3]_LDC_i_1__1. This is not good design practice and will likely impact performance. For SLICE registers, for example, use the CE pin to control the loading of data.
Related violations: <none>

PDRC-153#41 Warning
Gated clock check  
Net u6/msg_array_reg[4]_LDC_i_1__1_n_0 is a gated clock net sourced by a combinational pin u6/msg_array_reg[4]_LDC_i_1__1/O, cell u6/msg_array_reg[4]_LDC_i_1__1. This is not good design practice and will likely impact performance. For SLICE registers, for example, use the CE pin to control the loading of data.
Related violations: <none>

PDRC-153#42 Warning
Gated clock check  
Net u6/msg_array_reg[5]_LDC_i_1__1_n_0 is a gated clock net sourced by a combinational pin u6/msg_array_reg[5]_LDC_i_1__1/O, cell u6/msg_array_reg[5]_LDC_i_1__1. This is not good design practice and will likely impact performance. For SLICE registers, for example, use the CE pin to control the loading of data.
Related violations: <none>

PDRC-153#43 Warning
Gated clock check  
Net u6/msg_array_reg[6]_LDC_i_1__1_n_0 is a gated clock net sourced by a combinational pin u6/msg_array_reg[6]_LDC_i_1__1/O, cell u6/msg_array_reg[6]_LDC_i_1__1. This is not good design practice and will likely impact performance. For SLICE registers, for example, use the CE pin to control the loading of data.
Related violations: <none>

PDRC-153#44 Warning
Gated clock check  
Net u6/msg_array_reg[6]_LDC_i_1__1_n_0 is a gated clock net sourced by a combinational pin u6/msg_array_reg[6]_LDC_i_1__1/O, cell u6/msg_array_reg[6]_LDC_i_1__1. This is not good design practice and will likely impact performance. For SLICE registers, for example, use the CE pin to control the loading of data.
Related violations: <none>

PDRC-153#45 Warning
Gated clock check  
Net u6/msg_array_reg[7]_LDC_i_1__1_n_0 is a gated clock net sourced by a combinational pin u6/msg_array_reg[7]_LDC_i_1__1/O, cell u6/msg_array_reg[7]_LDC_i_1__1. This is not good design practice and will likely impact performance. For SLICE registers, for example, use the CE pin to control the loading of data.
Related violations: <none>

PDRC-153#46 Warning
Gated clock check  
Net u6/msg_array_reg[8]_LDC_i_1__1_n_0 is a gated clock net sourced by a combinational pin u6/msg_array_reg[8]_LDC_i_1__1/O, cell u6/msg_array_reg[8]_LDC_i_1__1. This is not good design practice and will likely impact performance. For SLICE registers, for example, use the CE pin to control the loading of data.
Related violations: <none>

PDRC-153#47 Warning
Gated clock check  
Net u6/msg_array_reg[9]_LDC_i_1__1_n_0 is a gated clock net sourced by a combinational pin u6/msg_array_reg[9]_LDC_i_1__1/O, cell u6/msg_array_reg[9]_LDC_i_1__1. This is not good design practice and will likely impact performance. For SLICE registers, for example, use the CE pin to control the loading of data.
Related violations: <none>

PDRC-153#48 Warning
Gated clock check  
Net u7/E[0] is a gated clock net sourced by a combinational pin u7/B2_reg[7]_i_1/O, cell u7/B2_reg[7]_i_1. This is not good design practice and will likely impact performance. For SLICE registers, for example, use the CE pin to control the loading of data.
Related violations: <none>

PDRC-153#49 Warning
Gated clock check  
Net u7/msg_array_reg[0]_C_0[0] is a gated clock net sourced by a combinational pin u7/B1_reg[7]_i_1/O, cell u7/B1_reg[7]_i_1. This is not good design practice and will likely impact performance. For SLICE registers, for example, use the CE pin to control the loading of data.
Related violations: <none>

PDRC-153#50 Warning
Gated clock check  
Net u7/msg_array_reg[0]_C_0[0] is a gated clock net sourced by a combinational pin u7/B1_reg[7]_i_1/O, cell u7/B1_reg[7]_i_1. This is not good design practice and will likely impact performance. For SLICE registers, for example, use the CE pin to control the loading of data.
Related violations: <none>


