#-----------------------------------------------------------
# Vivado v2016.2 (64-bit)
# SW Build 1577090 on Thu Jun  2 16:32:40 MDT 2016
# IP Build 1577682 on Fri Jun  3 12:00:54 MDT 2016
# Start of session at: Tue Oct 25 09:58:40 2016
# Process ID: 3032
# Current directory: C:/Users/meie2116/Dropbox (Univ. of Oklahoma)/Basys3/Sonar
# Command line: vivado.exe -gui_launcher_event rodinguilauncherevent7580 C:\Users\meie2116\Dropbox (Univ. of Oklahoma)\Basys3\Sonar\Sonar.xpr
# Log file: C:/Users/meie2116/Dropbox (Univ. of Oklahoma)/Basys3/Sonar/vivado.log
# Journal file: C:/Users/meie2116/Dropbox (Univ. of Oklahoma)/Basys3/Sonar\vivado.jou
#-----------------------------------------------------------
start_gui
open_project {C:/Users/meie2116/Dropbox (Univ. of Oklahoma)/Basys3/Sonar/Sonar.xpr}
INFO: [Project 1-313] Project file moved from 'W:/Sonar' since last save.
Scanning sources...
Finished scanning sources
CRITICAL WARNING: [Board 49-67] The board_part definition was not found for digilentinc.com:basys3:part0:1.1. Valid board_part values can be retrieved with the 'get_board_parts' Tcl command.
INFO: [IP_Flow 19-234] Refreshing IP repositories
INFO: [IP_Flow 19-1704] No user IP repositories specified
INFO: [IP_Flow 19-2313] Loaded Vivado IP repository 'C:/Xilinx/Vivado/2016.2/data/ip'.
WARNING: [BD 41-1661] One or more IPs have been locked in the design 'design_1.bd'. Please run report_ip_status for more details and recommendations on how to fix this issue.
List of locked IPs:
design_1_clk_wiz_0_0
design_1_proc_sys_reset_0_0

ERROR: [Project 1-202] Error writing the XML file 'C:/Users/meie2116/Dropbox (Univ. of Oklahoma)/Basys3/Sonar/Sonar.xpr'
ERROR: [Common 17-69] Command failed: ERROR: [Project 1-202] Error writing the XML file 'C:/Users/meie2116/Dropbox (Univ. of Oklahoma)/Basys3/Sonar/Sonar.xpr'

exit
INFO: [Common 17-206] Exiting Vivado at Tue Oct 25 10:40:19 2016...
