23:35:08 **** Incremental Build of configuration Debug for project csv_psi ****
make all 
Building file: ../src/csv_psi.cpp
Invoking: Cross G++ Compiler
g++ -O0 -g3 -Wall -c -fmessage-length=0 -std=c++11 -MMD -MP -MF"src/csv_psi.d" -MT"src/csv_psi.d" -o "src/csv_psi.o" "../src/csv_psi.cpp"
../src/csv_psi.cpp: In function ‘int main()’:
../src/csv_psi.cpp:24:9: warning: unused variable ‘num’ [-Wunused-variable]
  string num[4]; //frequency; phase; s11; s21
         ^
Finished building: ../src/csv_psi.cpp
 
Building target: csv_psi
Invoking: Cross G++ Linker
g++  -o "csv_psi"  ./src/csv_psi.o   
Finished building target: csv_psi
 
23:36:54 **** Incremental Build of configuration Debug for project csv_psi ****
make all 
Building file: ../src/csv_psi.cpp
Invoking: Cross G++ Compiler
g++ -O0 -g3 -Wall -c -fmessage-length=0 -std=c++11 -MMD -MP -MF"src/csv_psi.d" -MT"src/csv_psi.d" -o "src/csv_psi.o" "../src/csv_psi.cpp"
../src/csv_psi.cpp: In function ‘int main()’:
../src/csv_psi.cpp:24:9: warning: unused variable ‘num’ [-Wunused-variable]
  string num[4]; //frequency; phase; s11; s21
         ^
Finished building: ../src/csv_psi.cpp
 
Building target: csv_psi
Invoking: Cross G++ Linker
g++  -o "csv_psi"  ./src/csv_psi.o   
Finished building target: csv_psi
 
23:42:47 **** Incremental Build of configuration Debug for project csv_psi ****
make all 
Building file: ../src/csv_psi.cpp
Invoking: Cross G++ Compiler
g++ -O0 -g3 -Wall -c -fmessage-length=0 -std=c++11 -MMD -MP -MF"src/csv_psi.d" -MT"src/csv_psi.d" -o "src/csv_psi.o" "../src/csv_psi.cpp"
../src/csv_psi.cpp: In function ‘int main()’:
../src/csv_psi.cpp:24:9: warning: unused variable ‘num’ [-Wunused-variable]
  string num[4]; //frequency; phase; s11; s21
         ^
Finished building: ../src/csv_psi.cpp
 
Building target: csv_psi
Invoking: Cross G++ Linker
g++  -o "csv_psi"  ./src/csv_psi.o   
Finished building target: csv_psi
 
23:47:05 **** Incremental Build of configuration Debug for project csv_psi ****
make all 
Building file: ../src/csv_psi.cpp
Invoking: Cross G++ Compiler
g++ -O0 -g3 -Wall -c -fmessage-length=0 -std=c++11 -MMD -MP -MF"src/csv_psi.d" -MT"src/csv_psi.d" -o "src/csv_psi.o" "../src/csv_psi.cpp"
Finished building: ../src/csv_psi.cpp
 
Building target: csv_psi
Invoking: Cross G++ Linker
g++  -o "csv_psi"  ./src/csv_psi.o   
Finished building target: csv_psi
 
23:53:15 **** Incremental Build of configuration Debug for project csv_psi ****
make all 
Building file: ../src/csv_psi.cpp
Invoking: Cross G++ Compiler
g++ -O0 -g3 -Wall -c -fmessage-length=0 -std=c++11 -MMD -MP -MF"src/csv_psi.d" -MT"src/csv_psi.d" -o "src/csv_psi.o" "../src/csv_psi.cpp"
../src/csv_psi.cpp: In function ‘int main()’:
../src/csv_psi.cpp:77:13: warning: suggest parentheses around assignment used as truth value [-Wparentheses]
     if(i = 1){
             ^
Finished building: ../src/csv_psi.cpp
 
Building target: csv_psi
Invoking: Cross G++ Linker
g++  -o "csv_psi"  ./src/csv_psi.o   
Finished building target: csv_psi
 
23:53:46 **** Incremental Build of configuration Debug for project csv_psi ****
make all 
Building file: ../src/csv_psi.cpp
Invoking: Cross G++ Compiler
g++ -O0 -g3 -Wall -c -fmessage-length=0 -std=c++11 -MMD -MP -MF"src/csv_psi.d" -MT"src/csv_psi.d" -o "src/csv_psi.o" "../src/csv_psi.cpp"
../src/csv_psi.cpp: In function ‘int main()’:
../src/csv_psi.cpp:77:13: warning: suggest parentheses around assignment used as truth value [-Wparentheses]
     if(i = 1){
             ^
Finished building: ../src/csv_psi.cpp
 
Building target: csv_psi
Invoking: Cross G++ Linker
g++  -o "csv_psi"  ./src/csv_psi.o   
Finished building target: csv_psi
 
23:56:48 **** Incremental Build of configuration Debug for project csv_psi ****
make all 
Building file: ../src/csv_psi.cpp
Invoking: Cross G++ Compiler
g++ -O0 -g3 -Wall -c -fmessage-length=0 -std=c++11 -MMD -MP -MF"src/csv_psi.d" -MT"src/csv_psi.d" -o "src/csv_psi.o" "../src/csv_psi.cpp"
../src/csv_psi.cpp: In function ‘int main()’:
../src/csv_psi.cpp:75:35: error: expected ‘)’ before ‘;’ token
      line += (data[k][j][i] + "  ";
                                   ^
../src/csv_psi.cpp:77:13: warning: suggest parentheses around assignment used as truth value [-Wparentheses]
     if(i = 1){
             ^
make: *** [src/csv_psi.o] Error 1
23:56:58 **** Incremental Build of configuration Debug for project csv_psi ****
make all 
Building file: ../src/csv_psi.cpp
Invoking: Cross G++ Compiler
g++ -O0 -g3 -Wall -c -fmessage-length=0 -std=c++11 -MMD -MP -MF"src/csv_psi.d" -MT"src/csv_psi.d" -o "src/csv_psi.o" "../src/csv_psi.cpp"
../src/csv_psi.cpp: In function ‘int main()’:
../src/csv_psi.cpp:77:13: warning: suggest parentheses around assignment used as truth value [-Wparentheses]
     if(i = 1){
             ^
Finished building: ../src/csv_psi.cpp
 
Building target: csv_psi
Invoking: Cross G++ Linker
g++  -o "csv_psi"  ./src/csv_psi.o   
Finished building target: csv_psi
 
00:00:34 **** Incremental Build of configuration Debug for project csv_psi ****
make all 
Building file: ../src/csv_psi.cpp
Invoking: Cross G++ Compiler
g++ -O0 -g3 -Wall -c -fmessage-length=0 -std=c++11 -MMD -MP -MF"src/csv_psi.d" -MT"src/csv_psi.d" -o "src/csv_psi.o" "../src/csv_psi.cpp"
../src/csv_psi.cpp: In function ‘int main()’:
../src/csv_psi.cpp:77:13: warning: suggest parentheses around assignment used as truth value [-Wparentheses]
     if(i = 1){
             ^
Finished building: ../src/csv_psi.cpp
 
Building target: csv_psi
Invoking: Cross G++ Linker
g++  -o "csv_psi"  ./src/csv_psi.o   
Finished building target: csv_psi
 
00:02:24 **** Incremental Build of configuration Debug for project csv_psi ****
make all 
Building file: ../src/csv_psi.cpp
Invoking: Cross G++ Compiler
g++ -O0 -g3 -Wall -c -fmessage-length=0 -std=c++11 -MMD -MP -MF"src/csv_psi.d" -MT"src/csv_psi.d" -o "src/csv_psi.o" "../src/csv_psi.cpp"
../src/csv_psi.cpp: In function ‘int main()’:
../src/csv_psi.cpp:77:13: warning: suggest parentheses around assignment used as truth value [-Wparentheses]
     if(i = 1){
             ^
Finished building: ../src/csv_psi.cpp
 
Building target: csv_psi
Invoking: Cross G++ Linker
g++  -o "csv_psi"  ./src/csv_psi.o   
Finished building target: csv_psi
 
00:04:57 **** Incremental Build of configuration Debug for project csv_psi ****
make all 
Building file: ../src/csv_psi.cpp
Invoking: Cross G++ Compiler
g++ -O0 -g3 -Wall -c -fmessage-length=0 -std=c++11 -MMD -MP -MF"src/csv_psi.d" -MT"src/csv_psi.d" -o "src/csv_psi.o" "../src/csv_psi.cpp"
../src/csv_psi.cpp: In function ‘int main()’:
../src/csv_psi.cpp:77:13: warning: suggest parentheses around assignment used as truth value [-Wparentheses]
     if(i = 1){
             ^
Finished building: ../src/csv_psi.cpp
 
Building target: csv_psi
Invoking: Cross G++ Linker
g++  -o "csv_psi"  ./src/csv_psi.o   
Finished building target: csv_psi
 
00:07:47 **** Incremental Build of configuration Debug for project csv_psi ****
make all 
Building file: ../src/csv_psi.cpp
Invoking: Cross G++ Compiler
g++ -O0 -g3 -Wall -c -fmessage-length=0 -std=c++11 -MMD -MP -MF"src/csv_psi.d" -MT"src/csv_psi.d" -o "src/csv_psi.o" "../src/csv_psi.cpp"
Finished building: ../src/csv_psi.cpp
 
Building target: csv_psi
Invoking: Cross G++ Linker
g++  -o "csv_psi"  ./src/csv_psi.o   
Finished building target: csv_psi
 
00:08:23 **** Incremental Build of configuration Debug for project csv_psi ****
make all 
Building file: ../src/csv_psi.cpp
Invoking: Cross G++ Compiler
g++ -O0 -g3 -Wall -c -fmessage-length=0 -std=c++11 -MMD -MP -MF"src/csv_psi.d" -MT"src/csv_psi.d" -o "src/csv_psi.o" "../src/csv_psi.cpp"
../src/csv_psi.cpp: In function ‘int main()’:
../src/csv_psi.cpp:78:13: warning: suggest parentheses around assignment used as truth value [-Wparentheses]
     if(i = 1){
             ^
Finished building: ../src/csv_psi.cpp
 
Building target: csv_psi
Invoking: Cross G++ Linker
g++  -o "csv_psi"  ./src/csv_psi.o   
Finished building target: csv_psi
 
00:08:56 **** Incremental Build of configuration Debug for project csv_psi ****
make all 
make: Nothing to be done for `all'.
00:11:13 **** Incremental Build of configuration Debug for project csv_psi ****
make all 
Building file: ../src/csv_psi.cpp
Invoking: Cross G++ Compiler
g++ -O0 -g3 -Wall -c -fmessage-length=0 -std=c++11 -MMD -MP -MF"src/csv_psi.d" -MT"src/csv_psi.d" -o "src/csv_psi.o" "../src/csv_psi.cpp"
Finished building: ../src/csv_psi.cpp
 
Building target: csv_psi
Invoking: Cross G++ Linker
g++  -o "csv_psi"  ./src/csv_psi.o   
Finished building target: csv_psi
 
00:11:49 **** Incremental Build of configuration Debug for project csv_psi ****
make all 
Building file: ../src/csv_psi.cpp
Invoking: Cross G++ Compiler
g++ -O0 -g3 -Wall -c -fmessage-length=0 -std=c++11 -MMD -MP -MF"src/csv_psi.d" -MT"src/csv_psi.d" -o "src/csv_psi.o" "../src/csv_psi.cpp"
Finished building: ../src/csv_psi.cpp
 
Building target: csv_psi
Invoking: Cross G++ Linker
g++  -o "csv_psi"  ./src/csv_psi.o   
Finished building target: csv_psi
 
00:15:02 **** Incremental Build of configuration Debug for project csv_psi ****
make all 
Building file: ../src/csv_psi.cpp
Invoking: Cross G++ Compiler
g++ -O0 -g3 -Wall -c -fmessage-length=0 -std=c++11 -MMD -MP -MF"src/csv_psi.d" -MT"src/csv_psi.d" -o "src/csv_psi.o" "../src/csv_psi.cpp"
Finished building: ../src/csv_psi.cpp
 
Building target: csv_psi
Invoking: Cross G++ Linker
g++  -o "csv_psi"  ./src/csv_psi.o   
Finished building target: csv_psi
 
00:16:03 **** Incremental Build of configuration Debug for project csv_psi ****
make all 
Building file: ../src/csv_psi.cpp
Invoking: Cross G++ Compiler
g++ -O0 -g3 -Wall -c -fmessage-length=0 -std=c++11 -MMD -MP -MF"src/csv_psi.d" -MT"src/csv_psi.d" -o "src/csv_psi.o" "../src/csv_psi.cpp"
Finished building: ../src/csv_psi.cpp
 
Building target: csv_psi
Invoking: Cross G++ Linker
g++  -o "csv_psi"  ./src/csv_psi.o   
Finished building target: csv_psi
 
00:16:53 **** Incremental Build of configuration Debug for project csv_psi ****
make all 
Building file: ../src/csv_psi.cpp
Invoking: Cross G++ Compiler
g++ -O0 -g3 -Wall -c -fmessage-length=0 -std=c++11 -MMD -MP -MF"src/csv_psi.d" -MT"src/csv_psi.d" -o "src/csv_psi.o" "../src/csv_psi.cpp"
Finished building: ../src/csv_psi.cpp
 
Building target: csv_psi
Invoking: Cross G++ Linker
g++  -o "csv_psi"  ./src/csv_psi.o   
Finished building target: csv_psi
 
00:19:17 **** Incremental Build of configuration Debug for project csv_psi ****
make all 
Building file: ../src/csv_psi.cpp
Invoking: Cross G++ Compiler
g++ -O0 -g3 -Wall -c -fmessage-length=0 -std=c++11 -MMD -MP -MF"src/csv_psi.d" -MT"src/csv_psi.d" -o "src/csv_psi.o" "../src/csv_psi.cpp"
Finished building: ../src/csv_psi.cpp
 
Building target: csv_psi
Invoking: Cross G++ Linker
g++  -o "csv_psi"  ./src/csv_psi.o   
Finished building target: csv_psi
 
00:20:23 **** Incremental Build of configuration Debug for project csv_psi ****
make all 
Building file: ../src/csv_psi.cpp
Invoking: Cross G++ Compiler
g++ -O0 -g3 -Wall -c -fmessage-length=0 -std=c++11 -MMD -MP -MF"src/csv_psi.d" -MT"src/csv_psi.d" -o "src/csv_psi.o" "../src/csv_psi.cpp"
../src/csv_psi.cpp: In function ‘int main()’:
../src/csv_psi.cpp:57:61: error: expected ‘)’ before ‘;’ token
       phase_psi_file<<(data[file_count][line_count][i]+"   ";
                                                             ^
make: *** [src/csv_psi.o] Error 1
00:20:32 **** Incremental Build of configuration Debug for project csv_psi ****
make all 
Building file: ../src/csv_psi.cpp
Invoking: Cross G++ Compiler
g++ -O0 -g3 -Wall -c -fmessage-length=0 -std=c++11 -MMD -MP -MF"src/csv_psi.d" -MT"src/csv_psi.d" -o "src/csv_psi.o" "../src/csv_psi.cpp"
Finished building: ../src/csv_psi.cpp
 
Building target: csv_psi
Invoking: Cross G++ Linker
g++  -o "csv_psi"  ./src/csv_psi.o   
Finished building target: csv_psi
 
00:24:45 **** Incremental Build of configuration Debug for project csv_psi ****
make all 
Building file: ../src/csv_psi.cpp
Invoking: Cross G++ Compiler
g++ -O0 -g3 -Wall -c -fmessage-length=0 -std=c++11 -MMD -MP -MF"src/csv_psi.d" -MT"src/csv_psi.d" -o "src/csv_psi.o" "../src/csv_psi.cpp"
Finished building: ../src/csv_psi.cpp
 
Building target: csv_psi
Invoking: Cross G++ Linker
g++  -o "csv_psi"  ./src/csv_psi.o   
Finished building target: csv_psi
 
00:25:58 **** Incremental Build of configuration Debug for project csv_psi ****
make all 
Building file: ../src/csv_psi.cpp
Invoking: Cross G++ Compiler
g++ -O0 -g3 -Wall -c -fmessage-length=0 -std=c++11 -MMD -MP -MF"src/csv_psi.d" -MT"src/csv_psi.d" -o "src/csv_psi.o" "../src/csv_psi.cpp"
Finished building: ../src/csv_psi.cpp
 
Building target: csv_psi
Invoking: Cross G++ Linker
g++  -o "csv_psi"  ./src/csv_psi.o   
Finished building target: csv_psi
 
00:26:35 **** Incremental Build of configuration Debug for project csv_psi ****
make all 
Building file: ../src/csv_psi.cpp
Invoking: Cross G++ Compiler
g++ -O0 -g3 -Wall -c -fmessage-length=0 -std=c++11 -MMD -MP -MF"src/csv_psi.d" -MT"src/csv_psi.d" -o "src/csv_psi.o" "../src/csv_psi.cpp"
Finished building: ../src/csv_psi.cpp
 
Building target: csv_psi
Invoking: Cross G++ Linker
g++  -o "csv_psi"  ./src/csv_psi.o   
Finished building target: csv_psi
 
00:27:33 **** Incremental Build of configuration Debug for project csv_psi ****
make all 
Building file: ../src/csv_psi.cpp
Invoking: Cross G++ Compiler
g++ -O0 -g3 -Wall -c -fmessage-length=0 -std=c++11 -MMD -MP -MF"src/csv_psi.d" -MT"src/csv_psi.d" -o "src/csv_psi.o" "../src/csv_psi.cpp"
Finished building: ../src/csv_psi.cpp
 
Building target: csv_psi
Invoking: Cross G++ Linker
g++  -o "csv_psi"  ./src/csv_psi.o   
Finished building target: csv_psi
 
00:27:53 **** Incremental Build of configuration Debug for project csv_psi ****
make all 
Building file: ../src/csv_psi.cpp
Invoking: Cross G++ Compiler
g++ -O0 -g3 -Wall -c -fmessage-length=0 -std=c++11 -MMD -MP -MF"src/csv_psi.d" -MT"src/csv_psi.d" -o "src/csv_psi.o" "../src/csv_psi.cpp"
Finished building: ../src/csv_psi.cpp
 
Building target: csv_psi
Invoking: Cross G++ Linker
g++  -o "csv_psi"  ./src/csv_psi.o   
Finished building target: csv_psi
 
00:28:35 **** Incremental Build of configuration Debug for project csv_psi ****
make all 
Building file: ../src/csv_psi.cpp
Invoking: Cross G++ Compiler
g++ -O0 -g3 -Wall -c -fmessage-length=0 -std=c++11 -MMD -MP -MF"src/csv_psi.d" -MT"src/csv_psi.d" -o "src/csv_psi.o" "../src/csv_psi.cpp"
Finished building: ../src/csv_psi.cpp
 
Building target: csv_psi
Invoking: Cross G++ Linker
g++  -o "csv_psi"  ./src/csv_psi.o   
Finished building target: csv_psi
 
00:29:25 **** Incremental Build of configuration Debug for project csv_psi ****
make all 
make: Nothing to be done for `all'.
00:30:10 **** Incremental Build of configuration Debug for project csv_psi ****
make all 
make: Nothing to be done for `all'.
00:30:31 **** Incremental Build of configuration Debug for project csv_psi ****
make all 
Building file: ../src/csv_psi.cpp
Invoking: Cross G++ Compiler
g++ -O0 -g3 -Wall -c -fmessage-length=0 -std=c++11 -MMD -MP -MF"src/csv_psi.d" -MT"src/csv_psi.d" -o "src/csv_psi.o" "../src/csv_psi.cpp"
Finished building: ../src/csv_psi.cpp
 
Building target: csv_psi
Invoking: Cross G++ Linker
g++  -o "csv_psi"  ./src/csv_psi.o   
Finished building target: csv_psi
 
00:30:57 **** Incremental Build of configuration Debug for project csv_psi ****
make all 
Building file: ../src/csv_psi.cpp
Invoking: Cross G++ Compiler
g++ -O0 -g3 -Wall -c -fmessage-length=0 -std=c++11 -MMD -MP -MF"src/csv_psi.d" -MT"src/csv_psi.d" -o "src/csv_psi.o" "../src/csv_psi.cpp"
Finished building: ../src/csv_psi.cpp
 
Building target: csv_psi
Invoking: Cross G++ Linker
g++  -o "csv_psi"  ./src/csv_psi.o   
Finished building target: csv_psi
 
00:31:18 **** Incremental Build of configuration Debug for project csv_psi ****
make all 
make: Nothing to be done for `all'.
00:33:23 **** Incremental Build of configuration Debug for project csv_psi ****
make all 
make: Nothing to be done for `all'.
00:33:46 **** Incremental Build of configuration Debug for project csv_psi ****
make all 
make: Nothing to be done for `all'.
00:35:35 **** Incremental Build of configuration Debug for project csv_psi ****
make all 
Building file: ../src/csv_psi.cpp
Invoking: Cross G++ Compiler
g++ -O0 -g3 -Wall -c -fmessage-length=0 -std=c++11 -MMD -MP -MF"src/csv_psi.d" -MT"src/csv_psi.d" -o "src/csv_psi.o" "../src/csv_psi.cpp"
Finished building: ../src/csv_psi.cpp
 
Building target: csv_psi
Invoking: Cross G++ Linker
g++  -o "csv_psi"  ./src/csv_psi.o   
Finished building target: csv_psi
 
00:35:53 **** Incremental Build of configuration Debug for project csv_psi ****
make all 
make: Nothing to be done for `all'.
00:37:06 **** Incremental Build of configuration Debug for project csv_psi ****
make all 
Building file: ../src/csv_psi.cpp
Invoking: Cross G++ Compiler
g++ -O0 -g3 -Wall -c -fmessage-length=0 -std=c++11 -MMD -MP -MF"src/csv_psi.d" -MT"src/csv_psi.d" -o "src/csv_psi.o" "../src/csv_psi.cpp"
Finished building: ../src/csv_psi.cpp
 
Building target: csv_psi
Invoking: Cross G++ Linker
g++  -o "csv_psi"  ./src/csv_psi.o   
Finished building target: csv_psi
 
00:37:55 **** Incremental Build of configuration Debug for project csv_psi ****
make all 
Building file: ../src/csv_psi.cpp
Invoking: Cross G++ Compiler
g++ -O0 -g3 -Wall -c -fmessage-length=0 -std=c++11 -MMD -MP -MF"src/csv_psi.d" -MT"src/csv_psi.d" -o "src/csv_psi.o" "../src/csv_psi.cpp"
Finished building: ../src/csv_psi.cpp
 
Building target: csv_psi
Invoking: Cross G++ Linker
g++  -o "csv_psi"  ./src/csv_psi.o   
Finished building target: csv_psi
 
00:39:31 **** Incremental Build of configuration Debug for project csv_psi ****
make all 
Building file: ../src/csv_psi.cpp
Invoking: Cross G++ Compiler
g++ -O0 -g3 -Wall -c -fmessage-length=0 -std=c++11 -MMD -MP -MF"src/csv_psi.d" -MT"src/csv_psi.d" -o "src/csv_psi.o" "../src/csv_psi.cpp"
Finished building: ../src/csv_psi.cpp
 
Building target: csv_psi
Invoking: Cross G++ Linker
g++  -o "csv_psi"  ./src/csv_psi.o   
Finished building target: csv_psi
 
00:45:05 **** Incremental Build of configuration Debug for project csv_psi ****
make all 
Building file: ../src/csv_psi.cpp
Invoking: Cross G++ Compiler
g++ -O0 -g3 -Wall -c -fmessage-length=0 -std=c++11 -MMD -MP -MF"src/csv_psi.d" -MT"src/csv_psi.d" -o "src/csv_psi.o" "../src/csv_psi.cpp"
Finished building: ../src/csv_psi.cpp
 
Building target: csv_psi
Invoking: Cross G++ Linker
g++  -o "csv_psi"  ./src/csv_psi.o   
Finished building target: csv_psi
 
00:46:48 **** Incremental Build of configuration Debug for project csv_psi ****
make all 
Building file: ../src/csv_psi.cpp
Invoking: Cross G++ Compiler
g++ -O0 -g3 -Wall -c -fmessage-length=0 -std=c++11 -MMD -MP -MF"src/csv_psi.d" -MT"src/csv_psi.d" -o "src/csv_psi.o" "../src/csv_psi.cpp"
Finished building: ../src/csv_psi.cpp
 
Building target: csv_psi
Invoking: Cross G++ Linker
g++  -o "csv_psi"  ./src/csv_psi.o   
Finished building target: csv_psi
 
00:47:24 **** Incremental Build of configuration Debug for project csv_psi ****
make all 
Building file: ../src/csv_psi.cpp
Invoking: Cross G++ Compiler
g++ -O0 -g3 -Wall -c -fmessage-length=0 -std=c++11 -MMD -MP -MF"src/csv_psi.d" -MT"src/csv_psi.d" -o "src/csv_psi.o" "../src/csv_psi.cpp"
Finished building: ../src/csv_psi.cpp
 
Building target: csv_psi
Invoking: Cross G++ Linker
g++  -o "csv_psi"  ./src/csv_psi.o   
Finished building target: csv_psi
 
00:53:33 **** Incremental Build of configuration Debug for project csv_psi ****
make all 
Building file: ../src/csv_psi.cpp
Invoking: Cross G++ Compiler
g++ -O0 -g3 -Wall -c -fmessage-length=0 -std=c++11 -MMD -MP -MF"src/csv_psi.d" -MT"src/csv_psi.d" -o "src/csv_psi.o" "../src/csv_psi.cpp"
Finished building: ../src/csv_psi.cpp
 
Building target: csv_psi
Invoking: Cross G++ Linker
g++  -o "csv_psi"  ./src/csv_psi.o   
Finished building target: csv_psi
 
09:56:13 **** Incremental Build of configuration Debug for project csv_psi ****
make all 
make: Nothing to be done for `all'.
10:00:58 **** Incremental Build of configuration Debug for project csv_psi ****
make all 
make: Nothing to be done for `all'.
10:03:18 **** Incremental Build of configuration Debug for project csv_psi ****
make all 
make: Nothing to be done for `all'.
10:07:12 **** Incremental Build of configuration Debug for project csv_psi ****
make all 
make: Nothing to be done for `all'.
10:11:27 **** Incremental Build of configuration Debug for project csv_psi ****
make all 
Building file: ../src/csv_psi.cpp
Invoking: Cross G++ Compiler
g++ -O0 -g3 -Wall -c -fmessage-length=0 -std=c++11 -MMD -MP -MF"src/csv_psi.d" -MT"src/csv_psi.d" -o "src/csv_psi.o" "../src/csv_psi.cpp"
Finished building: ../src/csv_psi.cpp
 
Building target: csv_psi
Invoking: Cross G++ Linker
g++  -o "csv_psi"  ./src/csv_psi.o   
Finished building target: csv_psi
 
10:14:09 **** Incremental Build of configuration Debug for project csv_psi ****
make all 
Building file: ../src/csv_psi.cpp
Invoking: Cross G++ Compiler
g++ -O0 -g3 -Wall -c -fmessage-length=0 -std=c++11 -MMD -MP -MF"src/csv_psi.d" -MT"src/csv_psi.d" -o "src/csv_psi.o" "../src/csv_psi.cpp"
Finished building: ../src/csv_psi.cpp
 
Building target: csv_psi
Invoking: Cross G++ Linker
g++  -o "csv_psi"  ./src/csv_psi.o   
Finished building target: csv_psi
 
10:17:43 **** Incremental Build of configuration Debug for project csv_psi ****
make all 
Building file: ../src/csv_psi.cpp
Invoking: Cross G++ Compiler
g++ -O0 -g3 -Wall -c -fmessage-length=0 -std=c++11 -MMD -MP -MF"src/csv_psi.d" -MT"src/csv_psi.d" -o "src/csv_psi.o" "../src/csv_psi.cpp"
Finished building: ../src/csv_psi.cpp
 
Building target: csv_psi
Invoking: Cross G++ Linker
g++  -o "csv_psi"  ./src/csv_psi.o   
Finished building target: csv_psi
 
10:22:13 **** Incremental Build of configuration Debug for project csv_psi ****
make all 
make: Nothing to be done for `all'.
10:32:20 **** Incremental Build of configuration Debug for project csv_psi ****
make all 
Building file: ../src/csv_psi.cpp
Invoking: Cross G++ Compiler
g++ -O0 -g3 -Wall -c -fmessage-length=0 -std=c++11 -MMD -MP -MF"src/csv_psi.d" -MT"src/csv_psi.d" -o "src/csv_psi.o" "../src/csv_psi.cpp"
Finished building: ../src/csv_psi.cpp
 
Building target: csv_psi
Invoking: Cross G++ Linker
g++  -o "csv_psi"  ./src/csv_psi.o   
Finished building target: csv_psi
 
10:35:47 **** Incremental Build of configuration Debug for project csv_psi ****
make all 
Building file: ../src/csv_psi.cpp
Invoking: Cross G++ Compiler
g++ -O0 -g3 -Wall -c -fmessage-length=0 -std=c++11 -MMD -MP -MF"src/csv_psi.d" -MT"src/csv_psi.d" -o "src/csv_psi.o" "../src/csv_psi.cpp"
Finished building: ../src/csv_psi.cpp
 
Building target: csv_psi
Invoking: Cross G++ Linker
g++  -o "csv_psi"  ./src/csv_psi.o   
Finished building target: csv_psi
 
10:36:21 **** Incremental Build of configuration Debug for project csv_psi ****
make all 
Building file: ../src/csv_psi.cpp
Invoking: Cross G++ Compiler
g++ -O0 -g3 -Wall -c -fmessage-length=0 -std=c++11 -MMD -MP -MF"src/csv_psi.d" -MT"src/csv_psi.d" -o "src/csv_psi.o" "../src/csv_psi.cpp"
Finished building: ../src/csv_psi.cpp
 
Building target: csv_psi
Invoking: Cross G++ Linker
g++  -o "csv_psi"  ./src/csv_psi.o   
Finished building target: csv_psi
 
10:44:17 **** Incremental Build of configuration Debug for project csv_psi ****
make all 
Building file: ../src/csv_psi.cpp
Invoking: Cross G++ Compiler
g++ -O0 -g3 -Wall -c -fmessage-length=0 -std=c++11 -MMD -MP -MF"src/csv_psi.d" -MT"src/csv_psi.d" -o "src/csv_psi.o" "../src/csv_psi.cpp"
Finished building: ../src/csv_psi.cpp
 
Building target: csv_psi
Invoking: Cross G++ Linker
g++  -o "csv_psi"  ./src/csv_psi.o   
Finished building target: csv_psi
 
10:47:24 **** Incremental Build of configuration Debug for project csv_psi ****
make all 
Building file: ../src/csv_psi.cpp
Invoking: Cross G++ Compiler
g++ -O0 -g3 -Wall -c -fmessage-length=0 -std=c++11 -MMD -MP -MF"src/csv_psi.d" -MT"src/csv_psi.d" -o "src/csv_psi.o" "../src/csv_psi.cpp"
Finished building: ../src/csv_psi.cpp
 
Building target: csv_psi
Invoking: Cross G++ Linker
g++  -o "csv_psi"  ./src/csv_psi.o   
Finished building target: csv_psi
 
10:48:30 **** Incremental Build of configuration Debug for project csv_psi ****
make all 
Building file: ../src/csv_psi.cpp
Invoking: Cross G++ Compiler
g++ -O0 -g3 -Wall -c -fmessage-length=0 -std=c++11 -MMD -MP -MF"src/csv_psi.d" -MT"src/csv_psi.d" -o "src/csv_psi.o" "../src/csv_psi.cpp"
Finished building: ../src/csv_psi.cpp
 
Building target: csv_psi
Invoking: Cross G++ Linker
g++  -o "csv_psi"  ./src/csv_psi.o   
Finished building target: csv_psi
 
11:14:03 **** Incremental Build of configuration Debug for project csv_psi ****
make all 
Building file: ../src/csv_psi.cpp
Invoking: Cross G++ Compiler
g++ -O0 -g3 -Wall -c -fmessage-length=0 -std=c++11 -MMD -MP -MF"src/csv_psi.d" -MT"src/csv_psi.d" -o "src/csv_psi.o" "../src/csv_psi.cpp"
Finished building: ../src/csv_psi.cpp
 
Building target: csv_psi
Invoking: Cross G++ Linker
g++  -o "csv_psi"  ./src/csv_psi.o   
Finished building target: csv_psi
 
11:28:44 **** Incremental Build of configuration Debug for project csv_psi ****
make all 
Building file: ../src/csv_psi.cpp
Invoking: Cross G++ Compiler
g++ -O0 -g3 -Wall -c -fmessage-length=0 -std=c++11 -MMD -MP -MF"src/csv_psi.d" -MT"src/csv_psi.d" -o "src/csv_psi.o" "../src/csv_psi.cpp"
Finished building: ../src/csv_psi.cpp
 
Building target: csv_psi
Invoking: Cross G++ Linker
g++  -o "csv_psi"  ./src/csv_psi.o   
Finished building target: csv_psi
 
11:29:27 **** Incremental Build of configuration Debug for project csv_psi ****
make all 
make: Nothing to be done for `all'.
11:38:34 **** Incremental Build of configuration Debug for project csv_psi ****
make all 
Building file: ../src/csv_psi.cpp
Invoking: Cross G++ Compiler
g++ -O0 -g3 -Wall -c -fmessage-length=0 -std=c++11 -MMD -MP -MF"src/csv_psi.d" -MT"src/csv_psi.d" -o "src/csv_psi.o" "../src/csv_psi.cpp"
Finished building: ../src/csv_psi.cpp
 
Building target: csv_psi
Invoking: Cross G++ Linker
g++  -o "csv_psi"  ./src/csv_psi.o   
Finished building target: csv_psi
 
11:40:23 **** Incremental Build of configuration Debug for project csv_psi ****
make all 
Building file: ../src/csv_psi.cpp
Invoking: Cross G++ Compiler
g++ -O0 -g3 -Wall -c -fmessage-length=0 -std=c++11 -MMD -MP -MF"src/csv_psi.d" -MT"src/csv_psi.d" -o "src/csv_psi.o" "../src/csv_psi.cpp"
Finished building: ../src/csv_psi.cpp
 
Building target: csv_psi
Invoking: Cross G++ Linker
g++  -o "csv_psi"  ./src/csv_psi.o   
Finished building target: csv_psi
 
11:40:47 **** Incremental Build of configuration Debug for project csv_psi ****
make all 
Building file: ../src/csv_psi.cpp
Invoking: Cross G++ Compiler
g++ -O0 -g3 -Wall -c -fmessage-length=0 -std=c++11 -MMD -MP -MF"src/csv_psi.d" -MT"src/csv_psi.d" -o "src/csv_psi.o" "../src/csv_psi.cpp"
Finished building: ../src/csv_psi.cpp
 
Building target: csv_psi
Invoking: Cross G++ Linker
g++  -o "csv_psi"  ./src/csv_psi.o   
Finished building target: csv_psi
 
11:41:02 **** Incremental Build of configuration Debug for project csv_psi ****
make all 
Building file: ../src/csv_psi.cpp
Invoking: Cross G++ Compiler
g++ -O0 -g3 -Wall -c -fmessage-length=0 -std=c++11 -MMD -MP -MF"src/csv_psi.d" -MT"src/csv_psi.d" -o "src/csv_psi.o" "../src/csv_psi.cpp"
Finished building: ../src/csv_psi.cpp
 
Building target: csv_psi
Invoking: Cross G++ Linker
g++  -o "csv_psi"  ./src/csv_psi.o   
Finished building target: csv_psi
 
11:41:14 **** Incremental Build of configuration Debug for project csv_psi ****
make all 
Building file: ../src/csv_psi.cpp
Invoking: Cross G++ Compiler
g++ -O0 -g3 -Wall -c -fmessage-length=0 -std=c++11 -MMD -MP -MF"src/csv_psi.d" -MT"src/csv_psi.d" -o "src/csv_psi.o" "../src/csv_psi.cpp"
Finished building: ../src/csv_psi.cpp
 
Building target: csv_psi
Invoking: Cross G++ Linker
g++  -o "csv_psi"  ./src/csv_psi.o   
Finished building target: csv_psi
 
11:41:39 **** Incremental Build of configuration Debug for project csv_psi ****
make all 
Building file: ../src/csv_psi.cpp
Invoking: Cross G++ Compiler
g++ -O0 -g3 -Wall -c -fmessage-length=0 -std=c++11 -MMD -MP -MF"src/csv_psi.d" -MT"src/csv_psi.d" -o "src/csv_psi.o" "../src/csv_psi.cpp"
Finished building: ../src/csv_psi.cpp
 
Building target: csv_psi
Invoking: Cross G++ Linker
g++  -o "csv_psi"  ./src/csv_psi.o   
Finished building target: csv_psi
 
09:29:24 **** Incremental Build of configuration Debug for project csv_psi ****
make all 
Building file: ../src/csv_psi.cpp
Invoking: Cross G++ Compiler
g++ -O0 -g3 -Wall -c -fmessage-length=0 -std=c++11 -MMD -MP -MF"src/csv_psi.d" -MT"src/csv_psi.d" -o "src/csv_psi.o" "../src/csv_psi.cpp"
Finished building: ../src/csv_psi.cpp
 
Building target: csv_psi
Invoking: Cross G++ Linker
g++  -o "csv_psi"  ./src/csv_psi.o   
Finished building target: csv_psi
 
09:29:53 **** Incremental Build of configuration Debug for project csv_psi ****
make all 
Building file: ../src/csv_psi.cpp
Invoking: Cross G++ Compiler
g++ -O0 -g3 -Wall -c -fmessage-length=0 -std=c++11 -MMD -MP -MF"src/csv_psi.d" -MT"src/csv_psi.d" -o "src/csv_psi.o" "../src/csv_psi.cpp"
Finished building: ../src/csv_psi.cpp
 
Building target: csv_psi
Invoking: Cross G++ Linker
g++  -o "csv_psi"  ./src/csv_psi.o   
Finished building target: csv_psi
 
09:41:04 **** Incremental Build of configuration Debug for project csv_psi ****
make all 
Building file: ../src/csv_psi.cpp
Invoking: Cross G++ Compiler
g++ -O0 -g3 -Wall -c -fmessage-length=0 -std=c++11 -MMD -MP -MF"src/csv_psi.d" -MT"src/csv_psi.d" -o "src/csv_psi.o" "../src/csv_psi.cpp"
Finished building: ../src/csv_psi.cpp
 
Building target: csv_psi
Invoking: Cross G++ Linker
g++  -o "csv_psi"  ./src/csv_psi.o   
Finished building target: csv_psi
 
09:42:13 **** Incremental Build of configuration Debug for project csv_psi ****
make all 
Building file: ../src/csv_psi.cpp
Invoking: Cross G++ Compiler
g++ -O0 -g3 -Wall -c -fmessage-length=0 -std=c++11 -MMD -MP -MF"src/csv_psi.d" -MT"src/csv_psi.d" -o "src/csv_psi.o" "../src/csv_psi.cpp"
Finished building: ../src/csv_psi.cpp
 
Building target: csv_psi
Invoking: Cross G++ Linker
g++  -o "csv_psi"  ./src/csv_psi.o   
Finished building target: csv_psi
 
09:46:15 **** Incremental Build of configuration Debug for project csv_psi ****
make all 
Building file: ../src/csv_psi.cpp
Invoking: Cross G++ Compiler
g++ -O0 -g3 -Wall -c -fmessage-length=0 -std=c++11 -MMD -MP -MF"src/csv_psi.d" -MT"src/csv_psi.d" -o "src/csv_psi.o" "../src/csv_psi.cpp"
Finished building: ../src/csv_psi.cpp
 
Building target: csv_psi
Invoking: Cross G++ Linker
g++  -o "csv_psi"  ./src/csv_psi.o   
Finished building target: csv_psi
 
